<?xml version="1.0" encoding="UTF-8"?>
<!-- Generated by org.testng.reporters.JUnitXMLReporter -->
<testsuite hostname="Admin_SRV-PC" ignored="0" name="Test" tests="17" failures="12" timestamp="2022-07-20T09:27:53 IST" time="88.401" errors="0">
  <testcase name="login" time="4.842" classname="com.projecttest.testcases.projectlogintest"/>
  <testcase name="login" time="4.53" classname="com.projecttest.testcases.projectlogintest"/>
  <testcase name="login" time="4.178" classname="com.projecttest.testcases.projectlogintest"/>
  <testcase name="login" time="4.299" classname="com.projecttest.testcases.projectlogintest"/>
  <testcase name="login" time="4.214" classname="com.projecttest.testcases.projectlogintest"/>
  <testcase name="login" time="3.397" classname="com.projecttest.testcases.projectlogintest">
    <failure type="org.openqa.selenium.ElementNotInteractableException" message="element not interactable
  (Session info: chrome=103.0.5060.114)
Build info: version: &amp;apos;4.3.0&amp;apos;, revision: &amp;apos;a4995e2c09*&amp;apos;
System info: host: &amp;apos;ADMIN_SRV-PC&amp;apos;, ip: &amp;apos;169.254.21.91&amp;apos;, os.name: &amp;apos;Windows 7&amp;apos;, os.arch: &amp;apos;x86&amp;apos;, os.version: &amp;apos;6.1&amp;apos;, java.version: &amp;apos;1.8.0_05&amp;apos;
Driver info: org.openqa.selenium.chrome.ChromeDriver
Command: [b675d56502463b0b5f4953ded7bdf1ce, clickElement {id=aeb3ac52-7b00-4a94-a501-33d75db411d0}]
Capabilities {acceptInsecureCerts: false, browserName: chrome, browserVersion: 103.0.5060.114, chrome: {chromedriverVersion: 102.0.5005.61 (0e59bcc00cc4..., userDataDir: C:\Users\ADMIN_~1\AppData\L...}, goog:chromeOptions: {debuggerAddress: localhost:50233}, networkConnectionEnabled: false, pageLoadStrategy: normal, platformName: WINDOWS, proxy: Proxy(), se:cdp: ws://localhost:50233/devtoo..., se:cdpVersion: 103.0.5060.114, setWindowRect: true, strictFileInteractability: false, timeouts: {implicit: 0, pageLoad: 300000, script: 30000}, unhandledPromptBehavior: dismiss and notify, webauthn:extension:credBlob: true, webauthn:extension:largeBlob: true, webauthn:virtualAuthenticators: true}
Element: [[ChromeDriver: chrome on WINDOWS (b675d56502463b0b5f4953ded7bdf1ce)] -&amp;gt; id: logout]
Session ID: b675d56502463b0b5f4953ded7bdf1ce">
      <![CDATA[org.openqa.selenium.ElementNotInteractableException: element not interactable
  (Session info: chrome=103.0.5060.114)
Build info: version: '4.3.0', revision: 'a4995e2c09*'
System info: host: 'ADMIN_SRV-PC', ip: '169.254.21.91', os.name: 'Windows 7', os.arch: 'x86', os.version: '6.1', java.version: '1.8.0_05'
Driver info: org.openqa.selenium.chrome.ChromeDriver
Command: [b675d56502463b0b5f4953ded7bdf1ce, clickElement {id=aeb3ac52-7b00-4a94-a501-33d75db411d0}]
Capabilities {acceptInsecureCerts: false, browserName: chrome, browserVersion: 103.0.5060.114, chrome: {chromedriverVersion: 102.0.5005.61 (0e59bcc00cc4..., userDataDir: C:\Users\ADMIN_~1\AppData\L...}, goog:chromeOptions: {debuggerAddress: localhost:50233}, networkConnectionEnabled: false, pageLoadStrategy: normal, platformName: WINDOWS, proxy: Proxy(), se:cdp: ws://localhost:50233/devtoo..., se:cdpVersion: 103.0.5060.114, setWindowRect: true, strictFileInteractability: false, timeouts: {implicit: 0, pageLoad: 300000, script: 30000}, unhandledPromptBehavior: dismiss and notify, webauthn:extension:credBlob: true, webauthn:extension:largeBlob: true, webauthn:virtualAuthenticators: true}
Element: [[ChromeDriver: chrome on WINDOWS (b675d56502463b0b5f4953ded7bdf1ce)] -> id: logout]
Session ID: b675d56502463b0b5f4953ded7bdf1ce
at org.openqa.selenium.remote.codec.w3c.W3CHttpResponseCodec.createException(W3CHttpResponseCodec.java:200)
at org.openqa.selenium.remote.codec.w3c.W3CHttpResponseCodec.decode(W3CHttpResponseCodec.java:133)
at org.openqa.selenium.remote.codec.w3c.W3CHttpResponseCodec.decode(W3CHttpResponseCodec.java:53)
at org.openqa.selenium.remote.HttpCommandExecutor.execute(HttpCommandExecutor.java:184)
at org.openqa.selenium.remote.service.DriverCommandExecutor.invokeExecute(DriverCommandExecutor.java:167)
at org.openqa.selenium.remote.service.DriverCommandExecutor.execute(DriverCommandExecutor.java:142)
at org.openqa.selenium.remote.RemoteWebDriver.execute(RemoteWebDriver.java:569)
at org.openqa.selenium.remote.RemoteWebElement.execute(RemoteWebElement.java:257)
at org.openqa.selenium.remote.RemoteWebElement.click(RemoteWebElement.java:78)
at com.projecttest.pages.projecttestloginpage.logout(projecttestloginpage.java:51)
at com.projecttest.testcases.projectlogintest.login(projectlogintest.java:29)
at java.util.ArrayList.forEach(ArrayList.java:1234)
... Removed 32 stack frames]]>
    </failure>
  </testcase> <!-- login -->
  <testcase name="login" time="2.237" classname="com.projecttest.testcases.projectlogintest">
    <failure type="org.openqa.selenium.ElementNotInteractableException" message="element not interactable
  (Session info: chrome=103.0.5060.114)
Build info: version: &amp;apos;4.3.0&amp;apos;, revision: &amp;apos;a4995e2c09*&amp;apos;
System info: host: &amp;apos;ADMIN_SRV-PC&amp;apos;, ip: &amp;apos;169.254.21.91&amp;apos;, os.name: &amp;apos;Windows 7&amp;apos;, os.arch: &amp;apos;x86&amp;apos;, os.version: &amp;apos;6.1&amp;apos;, java.version: &amp;apos;1.8.0_05&amp;apos;
Driver info: org.openqa.selenium.chrome.ChromeDriver
Command: [b675d56502463b0b5f4953ded7bdf1ce, clickElement {id=aeb3ac52-7b00-4a94-a501-33d75db411d0}]
Capabilities {acceptInsecureCerts: false, browserName: chrome, browserVersion: 103.0.5060.114, chrome: {chromedriverVersion: 102.0.5005.61 (0e59bcc00cc4..., userDataDir: C:\Users\ADMIN_~1\AppData\L...}, goog:chromeOptions: {debuggerAddress: localhost:50233}, networkConnectionEnabled: false, pageLoadStrategy: normal, platformName: WINDOWS, proxy: Proxy(), se:cdp: ws://localhost:50233/devtoo..., se:cdpVersion: 103.0.5060.114, setWindowRect: true, strictFileInteractability: false, timeouts: {implicit: 0, pageLoad: 300000, script: 30000}, unhandledPromptBehavior: dismiss and notify, webauthn:extension:credBlob: true, webauthn:extension:largeBlob: true, webauthn:virtualAuthenticators: true}
Element: [[ChromeDriver: chrome on WINDOWS (b675d56502463b0b5f4953ded7bdf1ce)] -&amp;gt; id: logout]
Session ID: b675d56502463b0b5f4953ded7bdf1ce">
      <![CDATA[org.openqa.selenium.ElementNotInteractableException: element not interactable
  (Session info: chrome=103.0.5060.114)
Build info: version: '4.3.0', revision: 'a4995e2c09*'
System info: host: 'ADMIN_SRV-PC', ip: '169.254.21.91', os.name: 'Windows 7', os.arch: 'x86', os.version: '6.1', java.version: '1.8.0_05'
Driver info: org.openqa.selenium.chrome.ChromeDriver
Command: [b675d56502463b0b5f4953ded7bdf1ce, clickElement {id=aeb3ac52-7b00-4a94-a501-33d75db411d0}]
Capabilities {acceptInsecureCerts: false, browserName: chrome, browserVersion: 103.0.5060.114, chrome: {chromedriverVersion: 102.0.5005.61 (0e59bcc00cc4..., userDataDir: C:\Users\ADMIN_~1\AppData\L...}, goog:chromeOptions: {debuggerAddress: localhost:50233}, networkConnectionEnabled: false, pageLoadStrategy: normal, platformName: WINDOWS, proxy: Proxy(), se:cdp: ws://localhost:50233/devtoo..., se:cdpVersion: 103.0.5060.114, setWindowRect: true, strictFileInteractability: false, timeouts: {implicit: 0, pageLoad: 300000, script: 30000}, unhandledPromptBehavior: dismiss and notify, webauthn:extension:credBlob: true, webauthn:extension:largeBlob: true, webauthn:virtualAuthenticators: true}
Element: [[ChromeDriver: chrome on WINDOWS (b675d56502463b0b5f4953ded7bdf1ce)] -> id: logout]
Session ID: b675d56502463b0b5f4953ded7bdf1ce
at org.openqa.selenium.remote.codec.w3c.W3CHttpResponseCodec.createException(W3CHttpResponseCodec.java:200)
at org.openqa.selenium.remote.codec.w3c.W3CHttpResponseCodec.decode(W3CHttpResponseCodec.java:133)
at org.openqa.selenium.remote.codec.w3c.W3CHttpResponseCodec.decode(W3CHttpResponseCodec.java:53)
at org.openqa.selenium.remote.HttpCommandExecutor.execute(HttpCommandExecutor.java:184)
at org.openqa.selenium.remote.service.DriverCommandExecutor.invokeExecute(DriverCommandExecutor.java:167)
at org.openqa.selenium.remote.service.DriverCommandExecutor.execute(DriverCommandExecutor.java:142)
at org.openqa.selenium.remote.RemoteWebDriver.execute(RemoteWebDriver.java:569)
at org.openqa.selenium.remote.RemoteWebElement.execute(RemoteWebElement.java:257)
at org.openqa.selenium.remote.RemoteWebElement.click(RemoteWebElement.java:78)
at com.projecttest.pages.projecttestloginpage.logout(projecttestloginpage.java:51)
at com.projecttest.testcases.projectlogintest.login(projectlogintest.java:29)
at java.util.ArrayList.forEach(ArrayList.java:1234)
... Removed 32 stack frames]]>
    </failure>
  </testcase> <!-- login -->
  <testcase name="login" time="2.271" classname="com.projecttest.testcases.projectlogintest">
    <failure type="org.openqa.selenium.ElementNotInteractableException" message="element not interactable
  (Session info: chrome=103.0.5060.114)
Build info: version: &amp;apos;4.3.0&amp;apos;, revision: &amp;apos;a4995e2c09*&amp;apos;
System info: host: &amp;apos;ADMIN_SRV-PC&amp;apos;, ip: &amp;apos;169.254.21.91&amp;apos;, os.name: &amp;apos;Windows 7&amp;apos;, os.arch: &amp;apos;x86&amp;apos;, os.version: &amp;apos;6.1&amp;apos;, java.version: &amp;apos;1.8.0_05&amp;apos;
Driver info: org.openqa.selenium.chrome.ChromeDriver
Command: [b675d56502463b0b5f4953ded7bdf1ce, clickElement {id=aeb3ac52-7b00-4a94-a501-33d75db411d0}]
Capabilities {acceptInsecureCerts: false, browserName: chrome, browserVersion: 103.0.5060.114, chrome: {chromedriverVersion: 102.0.5005.61 (0e59bcc00cc4..., userDataDir: C:\Users\ADMIN_~1\AppData\L...}, goog:chromeOptions: {debuggerAddress: localhost:50233}, networkConnectionEnabled: false, pageLoadStrategy: normal, platformName: WINDOWS, proxy: Proxy(), se:cdp: ws://localhost:50233/devtoo..., se:cdpVersion: 103.0.5060.114, setWindowRect: true, strictFileInteractability: false, timeouts: {implicit: 0, pageLoad: 300000, script: 30000}, unhandledPromptBehavior: dismiss and notify, webauthn:extension:credBlob: true, webauthn:extension:largeBlob: true, webauthn:virtualAuthenticators: true}
Element: [[ChromeDriver: chrome on WINDOWS (b675d56502463b0b5f4953ded7bdf1ce)] -&amp;gt; id: logout]
Session ID: b675d56502463b0b5f4953ded7bdf1ce">
      <![CDATA[org.openqa.selenium.ElementNotInteractableException: element not interactable
  (Session info: chrome=103.0.5060.114)
Build info: version: '4.3.0', revision: 'a4995e2c09*'
System info: host: 'ADMIN_SRV-PC', ip: '169.254.21.91', os.name: 'Windows 7', os.arch: 'x86', os.version: '6.1', java.version: '1.8.0_05'
Driver info: org.openqa.selenium.chrome.ChromeDriver
Command: [b675d56502463b0b5f4953ded7bdf1ce, clickElement {id=aeb3ac52-7b00-4a94-a501-33d75db411d0}]
Capabilities {acceptInsecureCerts: false, browserName: chrome, browserVersion: 103.0.5060.114, chrome: {chromedriverVersion: 102.0.5005.61 (0e59bcc00cc4..., userDataDir: C:\Users\ADMIN_~1\AppData\L...}, goog:chromeOptions: {debuggerAddress: localhost:50233}, networkConnectionEnabled: false, pageLoadStrategy: normal, platformName: WINDOWS, proxy: Proxy(), se:cdp: ws://localhost:50233/devtoo..., se:cdpVersion: 103.0.5060.114, setWindowRect: true, strictFileInteractability: false, timeouts: {implicit: 0, pageLoad: 300000, script: 30000}, unhandledPromptBehavior: dismiss and notify, webauthn:extension:credBlob: true, webauthn:extension:largeBlob: true, webauthn:virtualAuthenticators: true}
Element: [[ChromeDriver: chrome on WINDOWS (b675d56502463b0b5f4953ded7bdf1ce)] -> id: logout]
Session ID: b675d56502463b0b5f4953ded7bdf1ce
at org.openqa.selenium.remote.codec.w3c.W3CHttpResponseCodec.createException(W3CHttpResponseCodec.java:200)
at org.openqa.selenium.remote.codec.w3c.W3CHttpResponseCodec.decode(W3CHttpResponseCodec.java:133)
at org.openqa.selenium.remote.codec.w3c.W3CHttpResponseCodec.decode(W3CHttpResponseCodec.java:53)
at org.openqa.selenium.remote.HttpCommandExecutor.execute(HttpCommandExecutor.java:184)
at org.openqa.selenium.remote.service.DriverCommandExecutor.invokeExecute(DriverCommandExecutor.java:167)
at org.openqa.selenium.remote.service.DriverCommandExecutor.execute(DriverCommandExecutor.java:142)
at org.openqa.selenium.remote.RemoteWebDriver.execute(RemoteWebDriver.java:569)
at org.openqa.selenium.remote.RemoteWebElement.execute(RemoteWebElement.java:257)
at org.openqa.selenium.remote.RemoteWebElement.click(RemoteWebElement.java:78)
at com.projecttest.pages.projecttestloginpage.logout(projecttestloginpage.java:51)
at com.projecttest.testcases.projectlogintest.login(projectlogintest.java:29)
at java.util.ArrayList.forEach(ArrayList.java:1234)
... Removed 32 stack frames]]>
    </failure>
  </testcase> <!-- login -->
  <testcase name="login" time="2.228" classname="com.projecttest.testcases.projectlogintest">
    <failure type="org.openqa.selenium.ElementNotInteractableException" message="element not interactable
  (Session info: chrome=103.0.5060.114)
Build info: version: &amp;apos;4.3.0&amp;apos;, revision: &amp;apos;a4995e2c09*&amp;apos;
System info: host: &amp;apos;ADMIN_SRV-PC&amp;apos;, ip: &amp;apos;169.254.21.91&amp;apos;, os.name: &amp;apos;Windows 7&amp;apos;, os.arch: &amp;apos;x86&amp;apos;, os.version: &amp;apos;6.1&amp;apos;, java.version: &amp;apos;1.8.0_05&amp;apos;
Driver info: org.openqa.selenium.chrome.ChromeDriver
Command: [b675d56502463b0b5f4953ded7bdf1ce, clickElement {id=aeb3ac52-7b00-4a94-a501-33d75db411d0}]
Capabilities {acceptInsecureCerts: false, browserName: chrome, browserVersion: 103.0.5060.114, chrome: {chromedriverVersion: 102.0.5005.61 (0e59bcc00cc4..., userDataDir: C:\Users\ADMIN_~1\AppData\L...}, goog:chromeOptions: {debuggerAddress: localhost:50233}, networkConnectionEnabled: false, pageLoadStrategy: normal, platformName: WINDOWS, proxy: Proxy(), se:cdp: ws://localhost:50233/devtoo..., se:cdpVersion: 103.0.5060.114, setWindowRect: true, strictFileInteractability: false, timeouts: {implicit: 0, pageLoad: 300000, script: 30000}, unhandledPromptBehavior: dismiss and notify, webauthn:extension:credBlob: true, webauthn:extension:largeBlob: true, webauthn:virtualAuthenticators: true}
Element: [[ChromeDriver: chrome on WINDOWS (b675d56502463b0b5f4953ded7bdf1ce)] -&amp;gt; id: logout]
Session ID: b675d56502463b0b5f4953ded7bdf1ce">
      <![CDATA[org.openqa.selenium.ElementNotInteractableException: element not interactable
  (Session info: chrome=103.0.5060.114)
Build info: version: '4.3.0', revision: 'a4995e2c09*'
System info: host: 'ADMIN_SRV-PC', ip: '169.254.21.91', os.name: 'Windows 7', os.arch: 'x86', os.version: '6.1', java.version: '1.8.0_05'
Driver info: org.openqa.selenium.chrome.ChromeDriver
Command: [b675d56502463b0b5f4953ded7bdf1ce, clickElement {id=aeb3ac52-7b00-4a94-a501-33d75db411d0}]
Capabilities {acceptInsecureCerts: false, browserName: chrome, browserVersion: 103.0.5060.114, chrome: {chromedriverVersion: 102.0.5005.61 (0e59bcc00cc4..., userDataDir: C:\Users\ADMIN_~1\AppData\L...}, goog:chromeOptions: {debuggerAddress: localhost:50233}, networkConnectionEnabled: false, pageLoadStrategy: normal, platformName: WINDOWS, proxy: Proxy(), se:cdp: ws://localhost:50233/devtoo..., se:cdpVersion: 103.0.5060.114, setWindowRect: true, strictFileInteractability: false, timeouts: {implicit: 0, pageLoad: 300000, script: 30000}, unhandledPromptBehavior: dismiss and notify, webauthn:extension:credBlob: true, webauthn:extension:largeBlob: true, webauthn:virtualAuthenticators: true}
Element: [[ChromeDriver: chrome on WINDOWS (b675d56502463b0b5f4953ded7bdf1ce)] -> id: logout]
Session ID: b675d56502463b0b5f4953ded7bdf1ce
at org.openqa.selenium.remote.codec.w3c.W3CHttpResponseCodec.createException(W3CHttpResponseCodec.java:200)
at org.openqa.selenium.remote.codec.w3c.W3CHttpResponseCodec.decode(W3CHttpResponseCodec.java:133)
at org.openqa.selenium.remote.codec.w3c.W3CHttpResponseCodec.decode(W3CHttpResponseCodec.java:53)
at org.openqa.selenium.remote.HttpCommandExecutor.execute(HttpCommandExecutor.java:184)
at org.openqa.selenium.remote.service.DriverCommandExecutor.invokeExecute(DriverCommandExecutor.java:167)
at org.openqa.selenium.remote.service.DriverCommandExecutor.execute(DriverCommandExecutor.java:142)
at org.openqa.selenium.remote.RemoteWebDriver.execute(RemoteWebDriver.java:569)
at org.openqa.selenium.remote.RemoteWebElement.execute(RemoteWebElement.java:257)
at org.openqa.selenium.remote.RemoteWebElement.click(RemoteWebElement.java:78)
at com.projecttest.pages.projecttestloginpage.logout(projecttestloginpage.java:51)
at com.projecttest.testcases.projectlogintest.login(projectlogintest.java:29)
at java.util.ArrayList.forEach(ArrayList.java:1234)
... Removed 32 stack frames]]>
    </failure>
  </testcase> <!-- login -->
  <testcase name="login" time="2.245" classname="com.projecttest.testcases.projectlogintest">
    <failure type="org.openqa.selenium.ElementNotInteractableException" message="element not interactable
  (Session info: chrome=103.0.5060.114)
Build info: version: &amp;apos;4.3.0&amp;apos;, revision: &amp;apos;a4995e2c09*&amp;apos;
System info: host: &amp;apos;ADMIN_SRV-PC&amp;apos;, ip: &amp;apos;169.254.21.91&amp;apos;, os.name: &amp;apos;Windows 7&amp;apos;, os.arch: &amp;apos;x86&amp;apos;, os.version: &amp;apos;6.1&amp;apos;, java.version: &amp;apos;1.8.0_05&amp;apos;
Driver info: org.openqa.selenium.chrome.ChromeDriver
Command: [b675d56502463b0b5f4953ded7bdf1ce, clickElement {id=aeb3ac52-7b00-4a94-a501-33d75db411d0}]
Capabilities {acceptInsecureCerts: false, browserName: chrome, browserVersion: 103.0.5060.114, chrome: {chromedriverVersion: 102.0.5005.61 (0e59bcc00cc4..., userDataDir: C:\Users\ADMIN_~1\AppData\L...}, goog:chromeOptions: {debuggerAddress: localhost:50233}, networkConnectionEnabled: false, pageLoadStrategy: normal, platformName: WINDOWS, proxy: Proxy(), se:cdp: ws://localhost:50233/devtoo..., se:cdpVersion: 103.0.5060.114, setWindowRect: true, strictFileInteractability: false, timeouts: {implicit: 0, pageLoad: 300000, script: 30000}, unhandledPromptBehavior: dismiss and notify, webauthn:extension:credBlob: true, webauthn:extension:largeBlob: true, webauthn:virtualAuthenticators: true}
Element: [[ChromeDriver: chrome on WINDOWS (b675d56502463b0b5f4953ded7bdf1ce)] -&amp;gt; id: logout]
Session ID: b675d56502463b0b5f4953ded7bdf1ce">
      <![CDATA[org.openqa.selenium.ElementNotInteractableException: element not interactable
  (Session info: chrome=103.0.5060.114)
Build info: version: '4.3.0', revision: 'a4995e2c09*'
System info: host: 'ADMIN_SRV-PC', ip: '169.254.21.91', os.name: 'Windows 7', os.arch: 'x86', os.version: '6.1', java.version: '1.8.0_05'
Driver info: org.openqa.selenium.chrome.ChromeDriver
Command: [b675d56502463b0b5f4953ded7bdf1ce, clickElement {id=aeb3ac52-7b00-4a94-a501-33d75db411d0}]
Capabilities {acceptInsecureCerts: false, browserName: chrome, browserVersion: 103.0.5060.114, chrome: {chromedriverVersion: 102.0.5005.61 (0e59bcc00cc4..., userDataDir: C:\Users\ADMIN_~1\AppData\L...}, goog:chromeOptions: {debuggerAddress: localhost:50233}, networkConnectionEnabled: false, pageLoadStrategy: normal, platformName: WINDOWS, proxy: Proxy(), se:cdp: ws://localhost:50233/devtoo..., se:cdpVersion: 103.0.5060.114, setWindowRect: true, strictFileInteractability: false, timeouts: {implicit: 0, pageLoad: 300000, script: 30000}, unhandledPromptBehavior: dismiss and notify, webauthn:extension:credBlob: true, webauthn:extension:largeBlob: true, webauthn:virtualAuthenticators: true}
Element: [[ChromeDriver: chrome on WINDOWS (b675d56502463b0b5f4953ded7bdf1ce)] -> id: logout]
Session ID: b675d56502463b0b5f4953ded7bdf1ce
at org.openqa.selenium.remote.codec.w3c.W3CHttpResponseCodec.createException(W3CHttpResponseCodec.java:200)
at org.openqa.selenium.remote.codec.w3c.W3CHttpResponseCodec.decode(W3CHttpResponseCodec.java:133)
at org.openqa.selenium.remote.codec.w3c.W3CHttpResponseCodec.decode(W3CHttpResponseCodec.java:53)
at org.openqa.selenium.remote.HttpCommandExecutor.execute(HttpCommandExecutor.java:184)
at org.openqa.selenium.remote.service.DriverCommandExecutor.invokeExecute(DriverCommandExecutor.java:167)
at org.openqa.selenium.remote.service.DriverCommandExecutor.execute(DriverCommandExecutor.java:142)
at org.openqa.selenium.remote.RemoteWebDriver.execute(RemoteWebDriver.java:569)
at org.openqa.selenium.remote.RemoteWebElement.execute(RemoteWebElement.java:257)
at org.openqa.selenium.remote.RemoteWebElement.click(RemoteWebElement.java:78)
at com.projecttest.pages.projecttestloginpage.logout(projecttestloginpage.java:51)
at com.projecttest.testcases.projectlogintest.login(projectlogintest.java:29)
at java.util.ArrayList.forEach(ArrayList.java:1234)
... Removed 32 stack frames]]>
    </failure>
  </testcase> <!-- login -->
  <testcase name="login" time="2.259" classname="com.projecttest.testcases.projectlogintest">
    <failure type="org.openqa.selenium.ElementNotInteractableException" message="element not interactable
  (Session info: chrome=103.0.5060.114)
Build info: version: &amp;apos;4.3.0&amp;apos;, revision: &amp;apos;a4995e2c09*&amp;apos;
System info: host: &amp;apos;ADMIN_SRV-PC&amp;apos;, ip: &amp;apos;169.254.21.91&amp;apos;, os.name: &amp;apos;Windows 7&amp;apos;, os.arch: &amp;apos;x86&amp;apos;, os.version: &amp;apos;6.1&amp;apos;, java.version: &amp;apos;1.8.0_05&amp;apos;
Driver info: org.openqa.selenium.chrome.ChromeDriver
Command: [b675d56502463b0b5f4953ded7bdf1ce, clickElement {id=aeb3ac52-7b00-4a94-a501-33d75db411d0}]
Capabilities {acceptInsecureCerts: false, browserName: chrome, browserVersion: 103.0.5060.114, chrome: {chromedriverVersion: 102.0.5005.61 (0e59bcc00cc4..., userDataDir: C:\Users\ADMIN_~1\AppData\L...}, goog:chromeOptions: {debuggerAddress: localhost:50233}, networkConnectionEnabled: false, pageLoadStrategy: normal, platformName: WINDOWS, proxy: Proxy(), se:cdp: ws://localhost:50233/devtoo..., se:cdpVersion: 103.0.5060.114, setWindowRect: true, strictFileInteractability: false, timeouts: {implicit: 0, pageLoad: 300000, script: 30000}, unhandledPromptBehavior: dismiss and notify, webauthn:extension:credBlob: true, webauthn:extension:largeBlob: true, webauthn:virtualAuthenticators: true}
Element: [[ChromeDriver: chrome on WINDOWS (b675d56502463b0b5f4953ded7bdf1ce)] -&amp;gt; id: logout]
Session ID: b675d56502463b0b5f4953ded7bdf1ce">
      <![CDATA[org.openqa.selenium.ElementNotInteractableException: element not interactable
  (Session info: chrome=103.0.5060.114)
Build info: version: '4.3.0', revision: 'a4995e2c09*'
System info: host: 'ADMIN_SRV-PC', ip: '169.254.21.91', os.name: 'Windows 7', os.arch: 'x86', os.version: '6.1', java.version: '1.8.0_05'
Driver info: org.openqa.selenium.chrome.ChromeDriver
Command: [b675d56502463b0b5f4953ded7bdf1ce, clickElement {id=aeb3ac52-7b00-4a94-a501-33d75db411d0}]
Capabilities {acceptInsecureCerts: false, browserName: chrome, browserVersion: 103.0.5060.114, chrome: {chromedriverVersion: 102.0.5005.61 (0e59bcc00cc4..., userDataDir: C:\Users\ADMIN_~1\AppData\L...}, goog:chromeOptions: {debuggerAddress: localhost:50233}, networkConnectionEnabled: false, pageLoadStrategy: normal, platformName: WINDOWS, proxy: Proxy(), se:cdp: ws://localhost:50233/devtoo..., se:cdpVersion: 103.0.5060.114, setWindowRect: true, strictFileInteractability: false, timeouts: {implicit: 0, pageLoad: 300000, script: 30000}, unhandledPromptBehavior: dismiss and notify, webauthn:extension:credBlob: true, webauthn:extension:largeBlob: true, webauthn:virtualAuthenticators: true}
Element: [[ChromeDriver: chrome on WINDOWS (b675d56502463b0b5f4953ded7bdf1ce)] -> id: logout]
Session ID: b675d56502463b0b5f4953ded7bdf1ce
at org.openqa.selenium.remote.codec.w3c.W3CHttpResponseCodec.createException(W3CHttpResponseCodec.java:200)
at org.openqa.selenium.remote.codec.w3c.W3CHttpResponseCodec.decode(W3CHttpResponseCodec.java:133)
at org.openqa.selenium.remote.codec.w3c.W3CHttpResponseCodec.decode(W3CHttpResponseCodec.java:53)
at org.openqa.selenium.remote.HttpCommandExecutor.execute(HttpCommandExecutor.java:184)
at org.openqa.selenium.remote.service.DriverCommandExecutor.invokeExecute(DriverCommandExecutor.java:167)
at org.openqa.selenium.remote.service.DriverCommandExecutor.execute(DriverCommandExecutor.java:142)
at org.openqa.selenium.remote.RemoteWebDriver.execute(RemoteWebDriver.java:569)
at org.openqa.selenium.remote.RemoteWebElement.execute(RemoteWebElement.java:257)
at org.openqa.selenium.remote.RemoteWebElement.click(RemoteWebElement.java:78)
at com.projecttest.pages.projecttestloginpage.logout(projecttestloginpage.java:51)
at com.projecttest.testcases.projectlogintest.login(projectlogintest.java:29)
at java.util.ArrayList.forEach(ArrayList.java:1234)
... Removed 32 stack frames]]>
    </failure>
  </testcase> <!-- login -->
  <testcase name="login" time="2.229" classname="com.projecttest.testcases.projectlogintest">
    <failure type="org.openqa.selenium.ElementNotInteractableException" message="element not interactable
  (Session info: chrome=103.0.5060.114)
Build info: version: &amp;apos;4.3.0&amp;apos;, revision: &amp;apos;a4995e2c09*&amp;apos;
System info: host: &amp;apos;ADMIN_SRV-PC&amp;apos;, ip: &amp;apos;169.254.21.91&amp;apos;, os.name: &amp;apos;Windows 7&amp;apos;, os.arch: &amp;apos;x86&amp;apos;, os.version: &amp;apos;6.1&amp;apos;, java.version: &amp;apos;1.8.0_05&amp;apos;
Driver info: org.openqa.selenium.chrome.ChromeDriver
Command: [b675d56502463b0b5f4953ded7bdf1ce, clickElement {id=aeb3ac52-7b00-4a94-a501-33d75db411d0}]
Capabilities {acceptInsecureCerts: false, browserName: chrome, browserVersion: 103.0.5060.114, chrome: {chromedriverVersion: 102.0.5005.61 (0e59bcc00cc4..., userDataDir: C:\Users\ADMIN_~1\AppData\L...}, goog:chromeOptions: {debuggerAddress: localhost:50233}, networkConnectionEnabled: false, pageLoadStrategy: normal, platformName: WINDOWS, proxy: Proxy(), se:cdp: ws://localhost:50233/devtoo..., se:cdpVersion: 103.0.5060.114, setWindowRect: true, strictFileInteractability: false, timeouts: {implicit: 0, pageLoad: 300000, script: 30000}, unhandledPromptBehavior: dismiss and notify, webauthn:extension:credBlob: true, webauthn:extension:largeBlob: true, webauthn:virtualAuthenticators: true}
Element: [[ChromeDriver: chrome on WINDOWS (b675d56502463b0b5f4953ded7bdf1ce)] -&amp;gt; id: logout]
Session ID: b675d56502463b0b5f4953ded7bdf1ce">
      <![CDATA[org.openqa.selenium.ElementNotInteractableException: element not interactable
  (Session info: chrome=103.0.5060.114)
Build info: version: '4.3.0', revision: 'a4995e2c09*'
System info: host: 'ADMIN_SRV-PC', ip: '169.254.21.91', os.name: 'Windows 7', os.arch: 'x86', os.version: '6.1', java.version: '1.8.0_05'
Driver info: org.openqa.selenium.chrome.ChromeDriver
Command: [b675d56502463b0b5f4953ded7bdf1ce, clickElement {id=aeb3ac52-7b00-4a94-a501-33d75db411d0}]
Capabilities {acceptInsecureCerts: false, browserName: chrome, browserVersion: 103.0.5060.114, chrome: {chromedriverVersion: 102.0.5005.61 (0e59bcc00cc4..., userDataDir: C:\Users\ADMIN_~1\AppData\L...}, goog:chromeOptions: {debuggerAddress: localhost:50233}, networkConnectionEnabled: false, pageLoadStrategy: normal, platformName: WINDOWS, proxy: Proxy(), se:cdp: ws://localhost:50233/devtoo..., se:cdpVersion: 103.0.5060.114, setWindowRect: true, strictFileInteractability: false, timeouts: {implicit: 0, pageLoad: 300000, script: 30000}, unhandledPromptBehavior: dismiss and notify, webauthn:extension:credBlob: true, webauthn:extension:largeBlob: true, webauthn:virtualAuthenticators: true}
Element: [[ChromeDriver: chrome on WINDOWS (b675d56502463b0b5f4953ded7bdf1ce)] -> id: logout]
Session ID: b675d56502463b0b5f4953ded7bdf1ce
at org.openqa.selenium.remote.codec.w3c.W3CHttpResponseCodec.createException(W3CHttpResponseCodec.java:200)
at org.openqa.selenium.remote.codec.w3c.W3CHttpResponseCodec.decode(W3CHttpResponseCodec.java:133)
at org.openqa.selenium.remote.codec.w3c.W3CHttpResponseCodec.decode(W3CHttpResponseCodec.java:53)
at org.openqa.selenium.remote.HttpCommandExecutor.execute(HttpCommandExecutor.java:184)
at org.openqa.selenium.remote.service.DriverCommandExecutor.invokeExecute(DriverCommandExecutor.java:167)
at org.openqa.selenium.remote.service.DriverCommandExecutor.execute(DriverCommandExecutor.java:142)
at org.openqa.selenium.remote.RemoteWebDriver.execute(RemoteWebDriver.java:569)
at org.openqa.selenium.remote.RemoteWebElement.execute(RemoteWebElement.java:257)
at org.openqa.selenium.remote.RemoteWebElement.click(RemoteWebElement.java:78)
at com.projecttest.pages.projecttestloginpage.logout(projecttestloginpage.java:51)
at com.projecttest.testcases.projectlogintest.login(projectlogintest.java:29)
at java.util.ArrayList.forEach(ArrayList.java:1234)
... Removed 32 stack frames]]>
    </failure>
  </testcase> <!-- login -->
  <testcase name="login" time="2.241" classname="com.projecttest.testcases.projectlogintest">
    <failure type="org.openqa.selenium.ElementNotInteractableException" message="element not interactable
  (Session info: chrome=103.0.5060.114)
Build info: version: &amp;apos;4.3.0&amp;apos;, revision: &amp;apos;a4995e2c09*&amp;apos;
System info: host: &amp;apos;ADMIN_SRV-PC&amp;apos;, ip: &amp;apos;169.254.21.91&amp;apos;, os.name: &amp;apos;Windows 7&amp;apos;, os.arch: &amp;apos;x86&amp;apos;, os.version: &amp;apos;6.1&amp;apos;, java.version: &amp;apos;1.8.0_05&amp;apos;
Driver info: org.openqa.selenium.chrome.ChromeDriver
Command: [b675d56502463b0b5f4953ded7bdf1ce, clickElement {id=aeb3ac52-7b00-4a94-a501-33d75db411d0}]
Capabilities {acceptInsecureCerts: false, browserName: chrome, browserVersion: 103.0.5060.114, chrome: {chromedriverVersion: 102.0.5005.61 (0e59bcc00cc4..., userDataDir: C:\Users\ADMIN_~1\AppData\L...}, goog:chromeOptions: {debuggerAddress: localhost:50233}, networkConnectionEnabled: false, pageLoadStrategy: normal, platformName: WINDOWS, proxy: Proxy(), se:cdp: ws://localhost:50233/devtoo..., se:cdpVersion: 103.0.5060.114, setWindowRect: true, strictFileInteractability: false, timeouts: {implicit: 0, pageLoad: 300000, script: 30000}, unhandledPromptBehavior: dismiss and notify, webauthn:extension:credBlob: true, webauthn:extension:largeBlob: true, webauthn:virtualAuthenticators: true}
Element: [[ChromeDriver: chrome on WINDOWS (b675d56502463b0b5f4953ded7bdf1ce)] -&amp;gt; id: logout]
Session ID: b675d56502463b0b5f4953ded7bdf1ce">
      <![CDATA[org.openqa.selenium.ElementNotInteractableException: element not interactable
  (Session info: chrome=103.0.5060.114)
Build info: version: '4.3.0', revision: 'a4995e2c09*'
System info: host: 'ADMIN_SRV-PC', ip: '169.254.21.91', os.name: 'Windows 7', os.arch: 'x86', os.version: '6.1', java.version: '1.8.0_05'
Driver info: org.openqa.selenium.chrome.ChromeDriver
Command: [b675d56502463b0b5f4953ded7bdf1ce, clickElement {id=aeb3ac52-7b00-4a94-a501-33d75db411d0}]
Capabilities {acceptInsecureCerts: false, browserName: chrome, browserVersion: 103.0.5060.114, chrome: {chromedriverVersion: 102.0.5005.61 (0e59bcc00cc4..., userDataDir: C:\Users\ADMIN_~1\AppData\L...}, goog:chromeOptions: {debuggerAddress: localhost:50233}, networkConnectionEnabled: false, pageLoadStrategy: normal, platformName: WINDOWS, proxy: Proxy(), se:cdp: ws://localhost:50233/devtoo..., se:cdpVersion: 103.0.5060.114, setWindowRect: true, strictFileInteractability: false, timeouts: {implicit: 0, pageLoad: 300000, script: 30000}, unhandledPromptBehavior: dismiss and notify, webauthn:extension:credBlob: true, webauthn:extension:largeBlob: true, webauthn:virtualAuthenticators: true}
Element: [[ChromeDriver: chrome on WINDOWS (b675d56502463b0b5f4953ded7bdf1ce)] -> id: logout]
Session ID: b675d56502463b0b5f4953ded7bdf1ce
at org.openqa.selenium.remote.codec.w3c.W3CHttpResponseCodec.createException(W3CHttpResponseCodec.java:200)
at org.openqa.selenium.remote.codec.w3c.W3CHttpResponseCodec.decode(W3CHttpResponseCodec.java:133)
at org.openqa.selenium.remote.codec.w3c.W3CHttpResponseCodec.decode(W3CHttpResponseCodec.java:53)
at org.openqa.selenium.remote.HttpCommandExecutor.execute(HttpCommandExecutor.java:184)
at org.openqa.selenium.remote.service.DriverCommandExecutor.invokeExecute(DriverCommandExecutor.java:167)
at org.openqa.selenium.remote.service.DriverCommandExecutor.execute(DriverCommandExecutor.java:142)
at org.openqa.selenium.remote.RemoteWebDriver.execute(RemoteWebDriver.java:569)
at org.openqa.selenium.remote.RemoteWebElement.execute(RemoteWebElement.java:257)
at org.openqa.selenium.remote.RemoteWebElement.click(RemoteWebElement.java:78)
at com.projecttest.pages.projecttestloginpage.logout(projecttestloginpage.java:51)
at com.projecttest.testcases.projectlogintest.login(projectlogintest.java:29)
at java.util.ArrayList.forEach(ArrayList.java:1234)
... Removed 32 stack frames]]>
    </failure>
  </testcase> <!-- login -->
  <testcase name="login" time="2.227" classname="com.projecttest.testcases.projectlogintest">
    <failure type="org.openqa.selenium.ElementNotInteractableException" message="element not interactable
  (Session info: chrome=103.0.5060.114)
Build info: version: &amp;apos;4.3.0&amp;apos;, revision: &amp;apos;a4995e2c09*&amp;apos;
System info: host: &amp;apos;ADMIN_SRV-PC&amp;apos;, ip: &amp;apos;169.254.21.91&amp;apos;, os.name: &amp;apos;Windows 7&amp;apos;, os.arch: &amp;apos;x86&amp;apos;, os.version: &amp;apos;6.1&amp;apos;, java.version: &amp;apos;1.8.0_05&amp;apos;
Driver info: org.openqa.selenium.chrome.ChromeDriver
Command: [b675d56502463b0b5f4953ded7bdf1ce, clickElement {id=aeb3ac52-7b00-4a94-a501-33d75db411d0}]
Capabilities {acceptInsecureCerts: false, browserName: chrome, browserVersion: 103.0.5060.114, chrome: {chromedriverVersion: 102.0.5005.61 (0e59bcc00cc4..., userDataDir: C:\Users\ADMIN_~1\AppData\L...}, goog:chromeOptions: {debuggerAddress: localhost:50233}, networkConnectionEnabled: false, pageLoadStrategy: normal, platformName: WINDOWS, proxy: Proxy(), se:cdp: ws://localhost:50233/devtoo..., se:cdpVersion: 103.0.5060.114, setWindowRect: true, strictFileInteractability: false, timeouts: {implicit: 0, pageLoad: 300000, script: 30000}, unhandledPromptBehavior: dismiss and notify, webauthn:extension:credBlob: true, webauthn:extension:largeBlob: true, webauthn:virtualAuthenticators: true}
Element: [[ChromeDriver: chrome on WINDOWS (b675d56502463b0b5f4953ded7bdf1ce)] -&amp;gt; id: logout]
Session ID: b675d56502463b0b5f4953ded7bdf1ce">
      <![CDATA[org.openqa.selenium.ElementNotInteractableException: element not interactable
  (Session info: chrome=103.0.5060.114)
Build info: version: '4.3.0', revision: 'a4995e2c09*'
System info: host: 'ADMIN_SRV-PC', ip: '169.254.21.91', os.name: 'Windows 7', os.arch: 'x86', os.version: '6.1', java.version: '1.8.0_05'
Driver info: org.openqa.selenium.chrome.ChromeDriver
Command: [b675d56502463b0b5f4953ded7bdf1ce, clickElement {id=aeb3ac52-7b00-4a94-a501-33d75db411d0}]
Capabilities {acceptInsecureCerts: false, browserName: chrome, browserVersion: 103.0.5060.114, chrome: {chromedriverVersion: 102.0.5005.61 (0e59bcc00cc4..., userDataDir: C:\Users\ADMIN_~1\AppData\L...}, goog:chromeOptions: {debuggerAddress: localhost:50233}, networkConnectionEnabled: false, pageLoadStrategy: normal, platformName: WINDOWS, proxy: Proxy(), se:cdp: ws://localhost:50233/devtoo..., se:cdpVersion: 103.0.5060.114, setWindowRect: true, strictFileInteractability: false, timeouts: {implicit: 0, pageLoad: 300000, script: 30000}, unhandledPromptBehavior: dismiss and notify, webauthn:extension:credBlob: true, webauthn:extension:largeBlob: true, webauthn:virtualAuthenticators: true}
Element: [[ChromeDriver: chrome on WINDOWS (b675d56502463b0b5f4953ded7bdf1ce)] -> id: logout]
Session ID: b675d56502463b0b5f4953ded7bdf1ce
at org.openqa.selenium.remote.codec.w3c.W3CHttpResponseCodec.createException(W3CHttpResponseCodec.java:200)
at org.openqa.selenium.remote.codec.w3c.W3CHttpResponseCodec.decode(W3CHttpResponseCodec.java:133)
at org.openqa.selenium.remote.codec.w3c.W3CHttpResponseCodec.decode(W3CHttpResponseCodec.java:53)
at org.openqa.selenium.remote.HttpCommandExecutor.execute(HttpCommandExecutor.java:184)
at org.openqa.selenium.remote.service.DriverCommandExecutor.invokeExecute(DriverCommandExecutor.java:167)
at org.openqa.selenium.remote.service.DriverCommandExecutor.execute(DriverCommandExecutor.java:142)
at org.openqa.selenium.remote.RemoteWebDriver.execute(RemoteWebDriver.java:569)
at org.openqa.selenium.remote.RemoteWebElement.execute(RemoteWebElement.java:257)
at org.openqa.selenium.remote.RemoteWebElement.click(RemoteWebElement.java:78)
at com.projecttest.pages.projecttestloginpage.logout(projecttestloginpage.java:51)
at com.projecttest.testcases.projectlogintest.login(projectlogintest.java:29)
at java.util.ArrayList.forEach(ArrayList.java:1234)
... Removed 32 stack frames]]>
    </failure>
  </testcase> <!-- login -->
  <testcase name="login" time="2.577" classname="com.projecttest.testcases.projectlogintest">
    <failure type="org.openqa.selenium.ElementNotInteractableException" message="element not interactable
  (Session info: chrome=103.0.5060.114)
Build info: version: &amp;apos;4.3.0&amp;apos;, revision: &amp;apos;a4995e2c09*&amp;apos;
System info: host: &amp;apos;ADMIN_SRV-PC&amp;apos;, ip: &amp;apos;169.254.21.91&amp;apos;, os.name: &amp;apos;Windows 7&amp;apos;, os.arch: &amp;apos;x86&amp;apos;, os.version: &amp;apos;6.1&amp;apos;, java.version: &amp;apos;1.8.0_05&amp;apos;
Driver info: org.openqa.selenium.chrome.ChromeDriver
Command: [b675d56502463b0b5f4953ded7bdf1ce, clickElement {id=aeb3ac52-7b00-4a94-a501-33d75db411d0}]
Capabilities {acceptInsecureCerts: false, browserName: chrome, browserVersion: 103.0.5060.114, chrome: {chromedriverVersion: 102.0.5005.61 (0e59bcc00cc4..., userDataDir: C:\Users\ADMIN_~1\AppData\L...}, goog:chromeOptions: {debuggerAddress: localhost:50233}, networkConnectionEnabled: false, pageLoadStrategy: normal, platformName: WINDOWS, proxy: Proxy(), se:cdp: ws://localhost:50233/devtoo..., se:cdpVersion: 103.0.5060.114, setWindowRect: true, strictFileInteractability: false, timeouts: {implicit: 0, pageLoad: 300000, script: 30000}, unhandledPromptBehavior: dismiss and notify, webauthn:extension:credBlob: true, webauthn:extension:largeBlob: true, webauthn:virtualAuthenticators: true}
Element: [[ChromeDriver: chrome on WINDOWS (b675d56502463b0b5f4953ded7bdf1ce)] -&amp;gt; id: logout]
Session ID: b675d56502463b0b5f4953ded7bdf1ce">
      <![CDATA[org.openqa.selenium.ElementNotInteractableException: element not interactable
  (Session info: chrome=103.0.5060.114)
Build info: version: '4.3.0', revision: 'a4995e2c09*'
System info: host: 'ADMIN_SRV-PC', ip: '169.254.21.91', os.name: 'Windows 7', os.arch: 'x86', os.version: '6.1', java.version: '1.8.0_05'
Driver info: org.openqa.selenium.chrome.ChromeDriver
Command: [b675d56502463b0b5f4953ded7bdf1ce, clickElement {id=aeb3ac52-7b00-4a94-a501-33d75db411d0}]
Capabilities {acceptInsecureCerts: false, browserName: chrome, browserVersion: 103.0.5060.114, chrome: {chromedriverVersion: 102.0.5005.61 (0e59bcc00cc4..., userDataDir: C:\Users\ADMIN_~1\AppData\L...}, goog:chromeOptions: {debuggerAddress: localhost:50233}, networkConnectionEnabled: false, pageLoadStrategy: normal, platformName: WINDOWS, proxy: Proxy(), se:cdp: ws://localhost:50233/devtoo..., se:cdpVersion: 103.0.5060.114, setWindowRect: true, strictFileInteractability: false, timeouts: {implicit: 0, pageLoad: 300000, script: 30000}, unhandledPromptBehavior: dismiss and notify, webauthn:extension:credBlob: true, webauthn:extension:largeBlob: true, webauthn:virtualAuthenticators: true}
Element: [[ChromeDriver: chrome on WINDOWS (b675d56502463b0b5f4953ded7bdf1ce)] -> id: logout]
Session ID: b675d56502463b0b5f4953ded7bdf1ce
at org.openqa.selenium.remote.codec.w3c.W3CHttpResponseCodec.createException(W3CHttpResponseCodec.java:200)
at org.openqa.selenium.remote.codec.w3c.W3CHttpResponseCodec.decode(W3CHttpResponseCodec.java:133)
at org.openqa.selenium.remote.codec.w3c.W3CHttpResponseCodec.decode(W3CHttpResponseCodec.java:53)
at org.openqa.selenium.remote.HttpCommandExecutor.execute(HttpCommandExecutor.java:184)
at org.openqa.selenium.remote.service.DriverCommandExecutor.invokeExecute(DriverCommandExecutor.java:167)
at org.openqa.selenium.remote.service.DriverCommandExecutor.execute(DriverCommandExecutor.java:142)
at org.openqa.selenium.remote.RemoteWebDriver.execute(RemoteWebDriver.java:569)
at org.openqa.selenium.remote.RemoteWebElement.execute(RemoteWebElement.java:257)
at org.openqa.selenium.remote.RemoteWebElement.click(RemoteWebElement.java:78)
at com.projecttest.pages.projecttestloginpage.logout(projecttestloginpage.java:51)
at com.projecttest.testcases.projectlogintest.login(projectlogintest.java:29)
at java.util.ArrayList.forEach(ArrayList.java:1234)
... Removed 32 stack frames]]>
    </failure>
  </testcase> <!-- login -->
  <testcase name="login" time="2.245" classname="com.projecttest.testcases.projectlogintest">
    <failure type="org.openqa.selenium.ElementNotInteractableException" message="element not interactable
  (Session info: chrome=103.0.5060.114)
Build info: version: &amp;apos;4.3.0&amp;apos;, revision: &amp;apos;a4995e2c09*&amp;apos;
System info: host: &amp;apos;ADMIN_SRV-PC&amp;apos;, ip: &amp;apos;169.254.21.91&amp;apos;, os.name: &amp;apos;Windows 7&amp;apos;, os.arch: &amp;apos;x86&amp;apos;, os.version: &amp;apos;6.1&amp;apos;, java.version: &amp;apos;1.8.0_05&amp;apos;
Driver info: org.openqa.selenium.chrome.ChromeDriver
Command: [b675d56502463b0b5f4953ded7bdf1ce, clickElement {id=aeb3ac52-7b00-4a94-a501-33d75db411d0}]
Capabilities {acceptInsecureCerts: false, browserName: chrome, browserVersion: 103.0.5060.114, chrome: {chromedriverVersion: 102.0.5005.61 (0e59bcc00cc4..., userDataDir: C:\Users\ADMIN_~1\AppData\L...}, goog:chromeOptions: {debuggerAddress: localhost:50233}, networkConnectionEnabled: false, pageLoadStrategy: normal, platformName: WINDOWS, proxy: Proxy(), se:cdp: ws://localhost:50233/devtoo..., se:cdpVersion: 103.0.5060.114, setWindowRect: true, strictFileInteractability: false, timeouts: {implicit: 0, pageLoad: 300000, script: 30000}, unhandledPromptBehavior: dismiss and notify, webauthn:extension:credBlob: true, webauthn:extension:largeBlob: true, webauthn:virtualAuthenticators: true}
Element: [[ChromeDriver: chrome on WINDOWS (b675d56502463b0b5f4953ded7bdf1ce)] -&amp;gt; id: logout]
Session ID: b675d56502463b0b5f4953ded7bdf1ce">
      <![CDATA[org.openqa.selenium.ElementNotInteractableException: element not interactable
  (Session info: chrome=103.0.5060.114)
Build info: version: '4.3.0', revision: 'a4995e2c09*'
System info: host: 'ADMIN_SRV-PC', ip: '169.254.21.91', os.name: 'Windows 7', os.arch: 'x86', os.version: '6.1', java.version: '1.8.0_05'
Driver info: org.openqa.selenium.chrome.ChromeDriver
Command: [b675d56502463b0b5f4953ded7bdf1ce, clickElement {id=aeb3ac52-7b00-4a94-a501-33d75db411d0}]
Capabilities {acceptInsecureCerts: false, browserName: chrome, browserVersion: 103.0.5060.114, chrome: {chromedriverVersion: 102.0.5005.61 (0e59bcc00cc4..., userDataDir: C:\Users\ADMIN_~1\AppData\L...}, goog:chromeOptions: {debuggerAddress: localhost:50233}, networkConnectionEnabled: false, pageLoadStrategy: normal, platformName: WINDOWS, proxy: Proxy(), se:cdp: ws://localhost:50233/devtoo..., se:cdpVersion: 103.0.5060.114, setWindowRect: true, strictFileInteractability: false, timeouts: {implicit: 0, pageLoad: 300000, script: 30000}, unhandledPromptBehavior: dismiss and notify, webauthn:extension:credBlob: true, webauthn:extension:largeBlob: true, webauthn:virtualAuthenticators: true}
Element: [[ChromeDriver: chrome on WINDOWS (b675d56502463b0b5f4953ded7bdf1ce)] -> id: logout]
Session ID: b675d56502463b0b5f4953ded7bdf1ce
at org.openqa.selenium.remote.codec.w3c.W3CHttpResponseCodec.createException(W3CHttpResponseCodec.java:200)
at org.openqa.selenium.remote.codec.w3c.W3CHttpResponseCodec.decode(W3CHttpResponseCodec.java:133)
at org.openqa.selenium.remote.codec.w3c.W3CHttpResponseCodec.decode(W3CHttpResponseCodec.java:53)
at org.openqa.selenium.remote.HttpCommandExecutor.execute(HttpCommandExecutor.java:184)
at org.openqa.selenium.remote.service.DriverCommandExecutor.invokeExecute(DriverCommandExecutor.java:167)
at org.openqa.selenium.remote.service.DriverCommandExecutor.execute(DriverCommandExecutor.java:142)
at org.openqa.selenium.remote.RemoteWebDriver.execute(RemoteWebDriver.java:569)
at org.openqa.selenium.remote.RemoteWebElement.execute(RemoteWebElement.java:257)
at org.openqa.selenium.remote.RemoteWebElement.click(RemoteWebElement.java:78)
at com.projecttest.pages.projecttestloginpage.logout(projecttestloginpage.java:51)
at com.projecttest.testcases.projectlogintest.login(projectlogintest.java:29)
at java.util.ArrayList.forEach(ArrayList.java:1234)
... Removed 32 stack frames]]>
    </failure>
  </testcase> <!-- login -->
  <testcase name="login" time="2.226" classname="com.projecttest.testcases.projectlogintest">
    <failure type="org.openqa.selenium.ElementNotInteractableException" message="element not interactable
  (Session info: chrome=103.0.5060.114)
Build info: version: &amp;apos;4.3.0&amp;apos;, revision: &amp;apos;a4995e2c09*&amp;apos;
System info: host: &amp;apos;ADMIN_SRV-PC&amp;apos;, ip: &amp;apos;169.254.21.91&amp;apos;, os.name: &amp;apos;Windows 7&amp;apos;, os.arch: &amp;apos;x86&amp;apos;, os.version: &amp;apos;6.1&amp;apos;, java.version: &amp;apos;1.8.0_05&amp;apos;
Driver info: org.openqa.selenium.chrome.ChromeDriver
Command: [b675d56502463b0b5f4953ded7bdf1ce, clickElement {id=aeb3ac52-7b00-4a94-a501-33d75db411d0}]
Capabilities {acceptInsecureCerts: false, browserName: chrome, browserVersion: 103.0.5060.114, chrome: {chromedriverVersion: 102.0.5005.61 (0e59bcc00cc4..., userDataDir: C:\Users\ADMIN_~1\AppData\L...}, goog:chromeOptions: {debuggerAddress: localhost:50233}, networkConnectionEnabled: false, pageLoadStrategy: normal, platformName: WINDOWS, proxy: Proxy(), se:cdp: ws://localhost:50233/devtoo..., se:cdpVersion: 103.0.5060.114, setWindowRect: true, strictFileInteractability: false, timeouts: {implicit: 0, pageLoad: 300000, script: 30000}, unhandledPromptBehavior: dismiss and notify, webauthn:extension:credBlob: true, webauthn:extension:largeBlob: true, webauthn:virtualAuthenticators: true}
Element: [[ChromeDriver: chrome on WINDOWS (b675d56502463b0b5f4953ded7bdf1ce)] -&amp;gt; id: logout]
Session ID: b675d56502463b0b5f4953ded7bdf1ce">
      <![CDATA[org.openqa.selenium.ElementNotInteractableException: element not interactable
  (Session info: chrome=103.0.5060.114)
Build info: version: '4.3.0', revision: 'a4995e2c09*'
System info: host: 'ADMIN_SRV-PC', ip: '169.254.21.91', os.name: 'Windows 7', os.arch: 'x86', os.version: '6.1', java.version: '1.8.0_05'
Driver info: org.openqa.selenium.chrome.ChromeDriver
Command: [b675d56502463b0b5f4953ded7bdf1ce, clickElement {id=aeb3ac52-7b00-4a94-a501-33d75db411d0}]
Capabilities {acceptInsecureCerts: false, browserName: chrome, browserVersion: 103.0.5060.114, chrome: {chromedriverVersion: 102.0.5005.61 (0e59bcc00cc4..., userDataDir: C:\Users\ADMIN_~1\AppData\L...}, goog:chromeOptions: {debuggerAddress: localhost:50233}, networkConnectionEnabled: false, pageLoadStrategy: normal, platformName: WINDOWS, proxy: Proxy(), se:cdp: ws://localhost:50233/devtoo..., se:cdpVersion: 103.0.5060.114, setWindowRect: true, strictFileInteractability: false, timeouts: {implicit: 0, pageLoad: 300000, script: 30000}, unhandledPromptBehavior: dismiss and notify, webauthn:extension:credBlob: true, webauthn:extension:largeBlob: true, webauthn:virtualAuthenticators: true}
Element: [[ChromeDriver: chrome on WINDOWS (b675d56502463b0b5f4953ded7bdf1ce)] -> id: logout]
Session ID: b675d56502463b0b5f4953ded7bdf1ce
at org.openqa.selenium.remote.codec.w3c.W3CHttpResponseCodec.createException(W3CHttpResponseCodec.java:200)
at org.openqa.selenium.remote.codec.w3c.W3CHttpResponseCodec.decode(W3CHttpResponseCodec.java:133)
at org.openqa.selenium.remote.codec.w3c.W3CHttpResponseCodec.decode(W3CHttpResponseCodec.java:53)
at org.openqa.selenium.remote.HttpCommandExecutor.execute(HttpCommandExecutor.java:184)
at org.openqa.selenium.remote.service.DriverCommandExecutor.invokeExecute(DriverCommandExecutor.java:167)
at org.openqa.selenium.remote.service.DriverCommandExecutor.execute(DriverCommandExecutor.java:142)
at org.openqa.selenium.remote.RemoteWebDriver.execute(RemoteWebDriver.java:569)
at org.openqa.selenium.remote.RemoteWebElement.execute(RemoteWebElement.java:257)
at org.openqa.selenium.remote.RemoteWebElement.click(RemoteWebElement.java:78)
at com.projecttest.pages.projecttestloginpage.logout(projecttestloginpage.java:51)
at com.projecttest.testcases.projectlogintest.login(projectlogintest.java:29)
at java.util.ArrayList.forEach(ArrayList.java:1234)
... Removed 31 stack frames]]>
    </failure>
  </testcase> <!-- login -->
</testsuite> <!-- Test -->
